<?xml version="1.0" encoding="UTF-8"?>
<!-- Generated by org.testng.reporters.JUnitReportReporter -->
<testsuite skipped="0" hostname="Amrishs-MacBook-Air.local" name="com.uiautomation.kira.googlesearch.GoogleSearchTest" tests="1" failures="0" timestamp="2021-08-09T21:41:08 EDT" time="6.090" errors="0">
  <testcase name="testSearchGoogleForKira" time="6.090" classname="com.uiautomation.kira.googlesearch.GoogleSearchTest"/>
  <system-out/>
</testsuite> <!-- com.uiautomation.kira.googlesearch.GoogleSearchTest -->
